The system is: Windows - 10.0.22000 - AMD64
Compiling the CXX compiler identification source file "CMakeCXXCompilerId.cpp" succeeded.
Compiler: C:/Program Files/Microsoft Visual Studio/2022/Community/VC/Tools/MSVC/14.31.31103/bin/Hostx64/x64/cl.exe 
Build flags: 
Id flags:  

The output was:
0
Compilateur d'optimisation Microsoft (R) C/C++ version 19.31.31107 pour x64
Copyright (C) Microsoft Corporation. Tous droits réservés.

CMakeCXXCompilerId.cpp
Microsoft (R) Incremental Linker Version 14.31.31107.0
Copyright (C) Microsoft Corporation.  All rights reserved.

/out:CMakeCXXCompilerId.exe 
CMakeCXXCompilerId.obj 


Compilation of the CXX compiler identification source "CMakeCXXCompilerId.cpp" produced "CMakeCXXCompilerId.exe"

Compilation of the CXX compiler identification source "CMakeCXXCompilerId.cpp" produced "CMakeCXXCompilerId.obj"

The CXX compiler identification is MSVC, found in "C:/Users/prome/OneDrive/Bureau/Gallery Journey/SampleGoogleTestPugixml/out/build/x64-Debug/CMakeFiles/3.22.22022201-MSVC_2/CompilerIdCXX/CMakeCXXCompilerId.exe"

Detecting CXX compiler ABI info compiled with the following output:
Change Dir: C:/Users/prome/OneDrive/Bureau/Gallery Journey/SampleGoogleTestPugixml/out/build/x64-Debug/CMakeFiles/CMakeTmp

Run Build Command(s):C:/Program Files/Microsoft Visual Studio/2022/Community/Common7/IDE/CommonExtensions/Microsoft/CMake/Ninja/ninja.exe cmTC_61c79 && [1/2] Building CXX object CMakeFiles\cmTC_61c79.dir\CMakeCXXCompilerABI.cpp.obj
[2/2] Linking CXX executable cmTC_61c79.exe



Compiling the C compiler identification source file "CMakeCCompilerId.c" succeeded.
Compiler: C:/Program Files/Microsoft Visual Studio/2022/Community/VC/Tools/MSVC/14.31.31103/bin/Hostx64/x64/cl.exe 
Build flags: 
Id flags:  

The output was:
0
Compilateur d'optimisation Microsoft (R) C/C++ version 19.31.31107 pour x64
Copyright (C) Microsoft Corporation. Tous droits réservés.

CMakeCCompilerId.c
Microsoft (R) Incremental Linker Version 14.31.31107.0
Copyright (C) Microsoft Corporation.  All rights reserved.

/out:CMakeCCompilerId.exe 
CMakeCCompilerId.obj 


Compilation of the C compiler identification source "CMakeCCompilerId.c" produced "CMakeCCompilerId.exe"

Compilation of the C compiler identification source "CMakeCCompilerId.c" produced "CMakeCCompilerId.obj"

The C compiler identification is MSVC, found in "C:/Users/prome/OneDrive/Bureau/Gallery Journey/SampleGoogleTestPugixml/out/build/x64-Debug/CMakeFiles/3.22.22022201-MSVC_2/CompilerIdC/CMakeCCompilerId.exe"

Detecting C compiler ABI info compiled with the following output:
Change Dir: C:/Users/prome/OneDrive/Bureau/Gallery Journey/SampleGoogleTestPugixml/out/build/x64-Debug/CMakeFiles/CMakeTmp

Run Build Command(s):C:/Program Files/Microsoft Visual Studio/2022/Community/Common7/IDE/CommonExtensions/Microsoft/CMake/Ninja/ninja.exe cmTC_80b97 && [1/2] Building C object CMakeFiles\cmTC_80b97.dir\CMakeCCompilerABI.c.obj
[2/2] Linking C executable cmTC_80b97.exe



Determining if the include file sys/types.h exists passed with the following output:
Change Dir: C:/Users/prome/OneDrive/Bureau/Gallery Journey/SampleGoogleTestPugixml/out/build/x64-Debug/CMakeFiles/CMakeTmp

Run Build Command(s):C:/Program Files/Microsoft Visual Studio/2022/Community/Common7/IDE/CommonExtensions/Microsoft/CMake/Ninja/ninja.exe cmTC_15ef5 && [1/2] Building C object CMakeFiles\cmTC_15ef5.dir\CheckIncludeFile.c.obj
[2/2] Linking C executable cmTC_15ef5.exe



Determining if the include file stdint.h exists passed with the following output:
Change Dir: C:/Users/prome/OneDrive/Bureau/Gallery Journey/SampleGoogleTestPugixml/out/build/x64-Debug/CMakeFiles/CMakeTmp

Run Build Command(s):C:/Program Files/Microsoft Visual Studio/2022/Community/Common7/IDE/CommonExtensions/Microsoft/CMake/Ninja/ninja.exe cmTC_eb570 && [1/2] Building C object CMakeFiles\cmTC_eb570.dir\CheckIncludeFile.c.obj
[2/2] Linking C executable cmTC_eb570.exe



Determining if the include file stddef.h exists passed with the following output:
Change Dir: C:/Users/prome/OneDrive/Bureau/Gallery Journey/SampleGoogleTestPugixml/out/build/x64-Debug/CMakeFiles/CMakeTmp

Run Build Command(s):C:/Program Files/Microsoft Visual Studio/2022/Community/Common7/IDE/CommonExtensions/Microsoft/CMake/Ninja/ninja.exe cmTC_e8355 && [1/2] Building C object CMakeFiles\cmTC_e8355.dir\CheckIncludeFile.c.obj
[2/2] Linking C executable cmTC_e8355.exe



Determining size of void* passed with the following output:
Change Dir: C:/Users/prome/OneDrive/Bureau/Gallery Journey/SampleGoogleTestPugixml/out/build/x64-Debug/CMakeFiles/CMakeTmp

Run Build Command(s):C:/Program Files/Microsoft Visual Studio/2022/Community/Common7/IDE/CommonExtensions/Microsoft/CMake/Ninja/ninja.exe cmTC_7dd68 && [1/2] Building C object CMakeFiles\cmTC_7dd68.dir\SIZEOF_VOID_PTR.c.obj
[2/2] Linking C executable cmTC_7dd68.exe



